
========================================
操作類型: 刪除新聞
時間: 2026/01/29 下午06:31:47
內容: ID: news2
原因: 手動刪除
新聞內容: 2026/01/28 全新官網測試
========================================

========================================
操作類型: 刪除新聞
時間: 2026/01/29 下午06:36:02
內容: ID: news2
原因: 手動刪除
新聞內容: 2026/01/28
========================================

========================================
操作類型: 刪除新聞
時間: 2026/01/29 下午06:38:14
內容: ID: news1
原因: 手動刪除
新聞內容: 2026/01/28 全新官網測試
========================================

========================================
操作類型: 多語言同步
時間: 2026/01/29 下午06:39:00
內容: ID: news1
中文: 2026/01/29 測試管理系統
英文: 2026/01/29 Test Management System
日文: 2026/01/29 試験管理システム
========================================

========================================
操作類型: 刪除新聞
時間: 2026/02/04 下午02:04:36
內容: ID: banner5
原因: Banner 刪除
新聞內容: banner5 - 文字: 網頁設計, 圖片: 
========================================

========================================
操作類型: 刪除新聞
時間: 2026/02/04 下午02:04:38
內容: ID: banner5
原因: Banner 刪除
新聞內容: banner5 - 文字: 網頁設計, 圖片: 
========================================

========================================
操作類型: 刪除新聞
時間: 2026/02/04 下午02:04:40
內容: ID: banner5
原因: Banner 刪除
新聞內容: banner5 - 文字: 網頁設計, 圖片: 
========================================

========================================
操作類型: 刪除新聞
時間: 2026/02/04 下午02:04:49
內容: ID: banner5
原因: Banner 刪除
新聞內容: banner5 - 文字: 網頁設計, 圖片: 
========================================

========================================
操作類型: 多語言同步
時間: 2026/02/04 下午02:08:15
內容: ID: banner1
中文: 網頁設計
英文: [待翻譯] 網頁設計
日文: [待翻譯] 網頁設計
========================================

========================================
操作類型: 多語言同步
時間: 2026/02/04 下午02:14:30
內容: ID: banner1
中文: 網頁設計
英文: [待翻譯] 網頁設計
日文: [待翻譯] 網頁設計
========================================

========================================
操作類型: 刪除新聞
時間: 2026/02/04 下午02:15:43
內容: ID: banner1
原因: Banner 刪除
新聞內容: banner1 - 文字: 網頁設計, 圖片: 
========================================

========================================
操作類型: 多語言同步
時間: 2026/02/04 下午02:17:51
內容: ID: banner4
中文: 網頁設計
英文: [待翻譯] 網頁設計
日文: [待翻譯] 網頁設計
========================================

========================================
操作類型: 多語言同步
時間: 2026/02/04 下午02:29:37
內容: ID: banner4
中文: 網頁設計
英文: [待翻譯] 網頁設計
日文: [待翻譯] 網頁設計
========================================

========================================
操作類型: 多語言同步
時間: 2026/02/06 上午12:39:10
內容: ID: banner4
中文: 網頁設計
英文: web design
日文: ウェブデザイン
========================================
